<?xml version="1.0" encoding="UTF-8"?>
<testsuite name="com.irisoft.corbeni.CmsCorbeniApplicationTests" tests="1" skipped="0" failures="0" errors="0" timestamp="2019-08-30T19:13:32" hostname="TPG-SVI-5530" time="0.168">
  <properties/>
  <testcase name="contextLoads" classname="com.irisoft.corbeni.CmsCorbeniApplicationTests" time="0.168"/>
  <system-out><![CDATA[21:13:29.152 [Test worker] DEBUG org.springframework.test.context.junit4.SpringJUnit4ClassRunner - SpringJUnit4ClassRunner constructor called with [class com.irisoft.corbeni.CmsCorbeniApplicationTests]
21:13:29.159 [Test worker] DEBUG org.springframework.test.context.BootstrapUtils - Instantiating CacheAwareContextLoaderDelegate from class [org.springframework.test.context.cache.DefaultCacheAwareContextLoaderDelegate]
21:13:29.169 [Test worker] DEBUG org.springframework.test.context.BootstrapUtils - Instantiating BootstrapContext using constructor [public org.springframework.test.context.support.DefaultBootstrapContext(java.lang.Class,org.springframework.test.context.CacheAwareContextLoaderDelegate)]
21:13:29.184 [Test worker] DEBUG org.springframework.test.context.BootstrapUtils - Instantiating TestContextBootstrapper for test class [com.irisoft.corbeni.CmsCorbeniApplicationTests] from class [org.springframework.boot.test.context.SpringBootTestContextBootstrapper]
21:13:29.197 [Test worker] INFO org.springframework.boot.test.context.SpringBootTestContextBootstrapper - Neither @ContextConfiguration nor @ContextHierarchy found for test class [com.irisoft.corbeni.CmsCorbeniApplicationTests], using SpringBootContextLoader
21:13:29.200 [Test worker] DEBUG org.springframework.test.context.support.AbstractContextLoader - Did not detect default resource location for test class [com.irisoft.corbeni.CmsCorbeniApplicationTests]: class path resource [com/irisoft/corbeni/CmsCorbeniApplicationTests-context.xml] does not exist
21:13:29.201 [Test worker] DEBUG org.springframework.test.context.support.AbstractContextLoader - Did not detect default resource location for test class [com.irisoft.corbeni.CmsCorbeniApplicationTests]: class path resource [com/irisoft/corbeni/CmsCorbeniApplicationTestsContext.groovy] does not exist
21:13:29.201 [Test worker] INFO org.springframework.test.context.support.AbstractContextLoader - Could not detect default resource locations for test class [com.irisoft.corbeni.CmsCorbeniApplicationTests]: no resource found for suffixes {-context.xml, Context.groovy}.
21:13:29.202 [Test worker] INFO org.springframework.test.context.support.AnnotationConfigContextLoaderUtils - Could not detect default configuration classes for test class [com.irisoft.corbeni.CmsCorbeniApplicationTests]: CmsCorbeniApplicationTests does not declare any static, non-private, non-final, nested classes annotated with @Configuration.
21:13:29.240 [Test worker] DEBUG org.springframework.test.context.support.ActiveProfilesUtils - Could not find an 'annotation declaring class' for annotation type [org.springframework.test.context.ActiveProfiles] and class [com.irisoft.corbeni.CmsCorbeniApplicationTests]
21:13:29.303 [Test worker] DEBUG org.springframework.context.annotation.ClassPathScanningCandidateComponentProvider - Identified candidate component class: file [C:\Users\svi\Documents\workspace-spring-tool-suite-4-4.3.1.RELEASE\cmsCorbeni\cmsCorbeni\build\classes\java\main\com\irisoft\corbeni\CmsCorbeniApplication.class]
21:13:29.317 [Test worker] INFO org.springframework.boot.test.context.SpringBootTestContextBootstrapper - Found @SpringBootConfiguration com.irisoft.corbeni.CmsCorbeniApplication for test class com.irisoft.corbeni.CmsCorbeniApplicationTests
21:13:29.409 [Test worker] DEBUG org.springframework.boot.test.context.SpringBootTestContextBootstrapper - @TestExecutionListeners is not present for class [com.irisoft.corbeni.CmsCorbeniApplicationTests]: using defaults.
21:13:29.410 [Test worker] INFO org.springframework.boot.test.context.SpringBootTestContextBootstrapper - Loaded default TestExecutionListener class names from location [META-INF/spring.factories]: [org.springframework.boot.test.autoconfigure.restdocs.RestDocsTestExecutionListener, org.springframework.boot.test.autoconfigure.web.client.MockRestServiceServerResetTestExecutionListener, org.springframework.boot.test.autoconfigure.web.servlet.MockMvcPrintOnlyOnFailureTestExecutionListener, org.springframework.boot.test.autoconfigure.web.servlet.WebDriverTestExecutionListener, org.springframework.boot.test.mock.mockito.MockitoTestExecutionListener, org.springframework.boot.test.mock.mockito.ResetMocksTestExecutionListener, org.springframework.test.context.web.ServletTestExecutionListener, org.springframework.test.context.support.DirtiesContextBeforeModesTestExecutionListener, org.springframework.test.context.support.DependencyInjectionTestExecutionListener, org.springframework.test.context.support.DirtiesContextTestExecutionListener, org.springframework.test.context.transaction.TransactionalTestExecutionListener, org.springframework.test.context.jdbc.SqlScriptsTestExecutionListener]
21:13:29.427 [Test worker] INFO org.springframework.boot.test.context.SpringBootTestContextBootstrapper - Using TestExecutionListeners: [org.springframework.test.context.web.ServletTestExecutionListener@3cc0e1dd, org.springframework.test.context.support.DirtiesContextBeforeModesTestExecutionListener@17260104, org.springframework.boot.test.mock.mockito.MockitoTestExecutionListener@344acee8, org.springframework.boot.test.autoconfigure.SpringBootDependencyInjectionTestExecutionListener@3290b5d6, org.springframework.test.context.support.DirtiesContextTestExecutionListener@ffb4f7b3, org.springframework.test.context.transaction.TransactionalTestExecutionListener@c72e2d76, org.springframework.test.context.jdbc.SqlScriptsTestExecutionListener@95121be1, org.springframework.boot.test.autoconfigure.restdocs.RestDocsTestExecutionListener@ba38152c, org.springframework.boot.test.autoconfigure.web.client.MockRestServiceServerResetTestExecutionListener@beae101a, org.springframework.boot.test.autoconfigure.web.servlet.MockMvcPrintOnlyOnFailureTestExecutionListener@630256f5, org.springframework.boot.test.autoconfigure.web.servlet.WebDriverTestExecutionListener@3ddd5e74, org.springframework.boot.test.mock.mockito.ResetMocksTestExecutionListener@f66fb072]
21:13:29.429 [Test worker] DEBUG org.springframework.test.annotation.ProfileValueUtils - Retrieved @ProfileValueSourceConfiguration [null] for test class [com.irisoft.corbeni.CmsCorbeniApplicationTests]
21:13:29.429 [Test worker] DEBUG org.springframework.test.annotation.ProfileValueUtils - Retrieved ProfileValueSource type [class org.springframework.test.annotation.SystemProfileValueSource] for class [com.irisoft.corbeni.CmsCorbeniApplicationTests]
21:13:29.430 [Test worker] DEBUG org.springframework.test.annotation.ProfileValueUtils - Retrieved @ProfileValueSourceConfiguration [null] for test class [com.irisoft.corbeni.CmsCorbeniApplicationTests]
21:13:29.430 [Test worker] DEBUG org.springframework.test.annotation.ProfileValueUtils - Retrieved ProfileValueSource type [class org.springframework.test.annotation.SystemProfileValueSource] for class [com.irisoft.corbeni.CmsCorbeniApplicationTests]
21:13:29.435 [Test worker] DEBUG org.springframework.test.context.support.AbstractDirtiesContextTestExecutionListener - Before test class: context [DefaultTestContext@129e1c26 testClass = CmsCorbeniApplicationTests, testInstance = [null], testMethod = [null], testException = [null], mergedContextConfiguration = [WebMergedContextConfiguration@c441fa4e testClass = CmsCorbeniApplicationTests, locations = '{}', classes = '{class com.irisoft.corbeni.CmsCorbeniApplication}', contextInitializerClasses = '[]', activeProfiles = '{}', propertySourceLocations = '{}', propertySourceProperties = '{org.springframework.boot.test.context.SpringBootTestContextBootstrapper=true}', contextCustomizers = set[org.springframework.boot.test.autoconfigure.properties.PropertyMappingContextCustomizer@0, org.springframework.boot.test.autoconfigure.web.servlet.WebDriverContextCustomizerFactory$Customizer@13b88310, org.springframework.boot.test.context.filter.ExcludeFilterContextCustomizer@41c7afe6, org.springframework.boot.test.json.DuplicateJsonObjectContextCustomizerFactory$DuplicateJsonObjectContextCustomizer@14eaef45, org.springframework.boot.test.mock.mockito.MockitoContextCustomizer@0, org.springframework.boot.test.web.client.TestRestTemplateContextCustomizer@7742ca2a], resourceBasePath = 'src/main/webapp', contextLoader = 'org.springframework.boot.test.context.SpringBootContextLoader', parent = [null]], attributes = map['org.springframework.test.context.web.ServletTestExecutionListener.activateListener' -> true]], class annotated with @DirtiesContext [false] with mode [null].
21:13:29.435 [Test worker] DEBUG org.springframework.test.annotation.ProfileValueUtils - Retrieved @ProfileValueSourceConfiguration [null] for test class [com.irisoft.corbeni.CmsCorbeniApplicationTests]
21:13:29.436 [Test worker] DEBUG org.springframework.test.annotation.ProfileValueUtils - Retrieved ProfileValueSource type [class org.springframework.test.annotation.SystemProfileValueSource] for class [com.irisoft.corbeni.CmsCorbeniApplicationTests]
21:13:29.458 [Test worker] DEBUG org.springframework.test.context.support.TestPropertySourceUtils - Adding inlined properties to environment: {spring.jmx.enabled=false, org.springframework.boot.test.context.SpringBootTestContextBootstrapper=true, server.port=-1}

  .   ____          _            __ _ _
 /\\ / ___'_ __ _ _(_)_ __  __ _ \ \ \ \
( ( )\___ | '_ | '_| | '_ \/ _` | \ \ \ \
 \\/  ___)| |_)| | | | | || (_| |  ) ) ) )
  '  |____| .__|_| |_|_| |_\__, | / / / /
 =========|_|==============|___/=/_/_/_/
 :: Spring Boot ::        (v2.1.7.RELEASE)

2019-08-30 21:13:29.704  INFO 12844 --- [    Test worker] c.i.corbeni.CmsCorbeniApplicationTests   : Starting CmsCorbeniApplicationTests on TPG-SVI-5530 with PID 12844 (started by svi in C:\Users\svi\Documents\workspace-spring-tool-suite-4-4.3.1.RELEASE\cmsCorbeni\cmsCorbeni)
2019-08-30 21:13:29.705  INFO 12844 --- [    Test worker] c.i.corbeni.CmsCorbeniApplicationTests   : No active profile set, falling back to default profiles: default
2019-08-30 21:13:30.993  INFO 12844 --- [    Test worker] trationDelegate$BeanPostProcessorChecker : Bean 'org.springframework.hateoas.config.HateoasConfiguration' of type [org.springframework.hateoas.config.HateoasConfiguration$$EnhancerBySpringCGLIB$$3aabb0d1] is not eligible for getting processed by all BeanPostProcessors (for example: not eligible for auto-proxying)
2019-08-30 21:13:31.001  INFO 12844 --- [    Test worker] trationDelegate$BeanPostProcessorChecker : Bean 'org.springframework.transaction.annotation.ProxyTransactionManagementConfiguration' of type [org.springframework.transaction.annotation.ProxyTransactionManagementConfiguration$$EnhancerBySpringCGLIB$$bb2b639f] is not eligible for getting processed by all BeanPostProcessors (for example: not eligible for auto-proxying)
2019-08-30 21:13:32.078  INFO 12844 --- [    Test worker] o.s.s.concurrent.ThreadPoolTaskExecutor  : Initializing ExecutorService 'applicationTaskExecutor'
2019-08-30 21:13:32.165  INFO 12844 --- [    Test worker] o.s.b.a.w.s.WelcomePageHandlerMapping    : Adding welcome page template: index
2019-08-30 21:13:32.591  INFO 12844 --- [    Test worker] com.zaxxer.hikari.HikariDataSource       : HikariPool-1 - Starting...
2019-08-30 21:13:32.707  INFO 12844 --- [    Test worker] com.zaxxer.hikari.HikariDataSource       : HikariPool-1 - Start completed.
2019-08-30 21:13:32.842  INFO 12844 --- [    Test worker] s.a.ScheduledAnnotationBeanPostProcessor : No TaskScheduler/ScheduledExecutorService bean found for scheduled processing
2019-08-30 21:13:32.849  INFO 12844 --- [    Test worker] c.i.corbeni.CmsCorbeniApplicationTests   : Started CmsCorbeniApplicationTests in 3.382 seconds (JVM running for 4.728)
]]></system-out>
  <system-err><![CDATA[]]></system-err>
</testsuite>
